<?xml version="1.0" encoding="UTF-8"?>
<testsuite xmlns:xsi="http://www.w3.org/2001/XMLSchema-instance" xsi:noNamespaceSchemaLocation="https://maven.apache.org/surefire/maven-surefire-plugin/xsd/surefire-test-report.xsd" name="cz.cvut.fit.hrabajak.semestralka.OrderTest" time="2.559" tests="1" errors="1" skipped="0" failures="0">
  <properties>
[...]
</properties>
  <testcase name="createOneTest" classname="cz.cvut.fit.hrabajak.semestralka.OrderTest" time="2.527">
    <error message="org.hibernate.exception.SQLGrammarException: could not prepare statement" type="javax.persistence.PersistenceException">javax.persistence.PersistenceException: org.hibernate.exception.SQLGrammarException: could not prepare statement
	at cz.cvut.fit.hrabajak.semestralka.OrderTest.createOneTest(OrderTest.java:39)
Caused by: org.hibernate.exception.SQLGrammarException: could not prepare statement
	at cz.cvut.fit.hrabajak.semestralka.OrderTest.createOneTest(OrderTest.java:39)
Caused by: org.h2.jdbc.JdbcSQLSyntaxErrorException: 
Syntax error in SQL statement "SELECT ORDER0_.ID AS COL_0_0_ FROM ORDER[*] ORDER0_ WHERE ORDER0_.CODE=?"; expected "identifier"; SQL statement:
select order0_.id as col_0_0_ from Order order0_ where order0_.code=? [42001-200]
	at cz.cvut.fit.hrabajak.semestralka.OrderTest.createOneTest(OrderTest.java:39)
</error>
    <system-out><![CDATA[Hibernate: create table Order (id bigint generated by default as identity, code varchar(255) not null, custFirstName varchar(255), custSurName varchar(255), deliveryAddress varchar(255), deliveryCity varchar(255), primary key (id))
Hibernate: create table Product (id bigint generated by default as identity, name varchar(255) not null, price integer, primary key (id))
Hibernate: alter table Order drop constraint if exists UK_en7fkhoicjnvxhvuhaqkfk8sw
Hibernate: alter table Order add constraint UK_en7fkhoicjnvxhvuhaqkfk8sw unique (code)
Hibernate: alter table Product drop constraint if exists UK_gxubutkbk5o2a6aakbe7q9kww
Hibernate: alter table Product add constraint UK_gxubutkbk5o2a6aakbe7q9kww unique (name)
Hibernate: select order0_.id as col_0_0_ from Order order0_ where order0_.code=?
2020-01-28 21:54:52 ERROR org.hibernate.engine.jdbc.spi.SqlExceptionHelper     - Syntax error in SQL statement "SELECT ORDER0_.ID AS COL_0_0_ FROM ORDER[*] ORDER0_ WHERE ORDER0_.CODE=?"; expected "identifier"; SQL statement:
select order0_.id as col_0_0_ from Order order0_ where order0_.code=? [42001-200]
]]></system-out>
  </testcase>
</testsuite>