<?xml version="1.0" encoding="UTF-8"?>
<testsuite xmlns:xsi="http://www.w3.org/2001/XMLSchema-instance" xsi:noNamespaceSchemaLocation="https://maven.apache.org/surefire/maven-surefire-plugin/xsd/surefire-test-report.xsd" name="cz.cvut.fit.hrabajak.semestralka.OrderProductTest" time="1.448" tests="1" errors="0" skipped="0" failures="0">
  <properties>
[...]
</properties>
  <testcase name="createOrderProductTest" classname="cz.cvut.fit.hrabajak.semestralka.OrderProductTest" time="1.447"/>
</testsuite>